Handling lib "rpc-service-config"...
Handling lib "rpc-service-fs"...
Handling Success, built Ultrasonic/esp32 version 1.0 (20200926-093727).
Firmware saved to C:\Users\THQ\Documents\School_Work\Y3T1\FYP\Ultrasonic\Ultrasonic\build\fw.zip
By the way, there is a newer version available: "2.18.0" (you use "2.17.0"). Run "mos update" to upgrade.
.
shadow: Checking out 2.17.0...
ca-bundle: Checking out 2.17.0...
rpc-service-config: Checking out 2.17.0...
aws: Checking out 2.17.0...
wifi: Checking out 2.17.0...
sntp: Checking out 2.17.0...
rpc-uart: Checking out 2.17.0...
spi: Checking out 2.17.0...
core: Checking out 2.17.0...
i2c: Checking out 2.17.0...
mqtt: Checking out 2.17.0...
shadow: Done, hash 0be68cac8bbfeb1e45b5a516118243cecce1ec8f
ca-bundle: Done, hash c6a3caec6567790ba33b448c5550ec032b20914f
aws: Done, hash 9b27a5c4a9c8f0a35282b5b82b27c201923734b3
rpc-service-config: Done, hash b30e187977d8dafcb4297cff60e036855a7ff531
wifi: Done, hash 851f55fda6d1b873284d5c4847bec3f13bcc638f
rpc-uart: Done, hash 4c68e5d7b3eecb19ccc6128f111a118384ed20b4
spi: Done, hash bef6469b5f6f860cc18d4c9a77a590b5ff39924f
shadow: Hash unchanged at 0be68cac8bbfeb1e45b5a516118243cecce1ec8f (dir "/data/fwbuild-volumes/2.17.0/apps/Ultrasonic/esp32/build_contexts/build_ctx_127283027/deps/shadow")
shadow: Prepared local dir: "/data/fwbuild-volumes/2.17.0/apps/Ultrasonic/esp32/build_contexts/build_ctx_127283027/deps/shadow"
ca-bundle: Hash unchanged at c6a3caec6567790ba33b448c5550ec032b20914f (dir "/data/fwbuild-volumes/2.17.0/apps/Ultrasonic/esp32/build_contexts/build_ctx_127283027/deps/ca-bundle")
ca-bundle: Prepared local dir: "/data/fwbuild-volumes/2.17.0/apps/Ultrasonic/esp32/build_contexts/build_ctx_127283027/deps/ca-bundle"
aws: Hash unchanged at 9b27a5c4a9c8f0a35282b5b82b27c201923734b3 (dir "/data/fwbuild-volumes/2.17.0/apps/Ultrasonic/esp32/build_contexts/build_ctx_127283027/deps/aws")
aws: Prepared local dir: "/data/fwbuild-volumes/2.17.0/apps/Ultrasonic/esp32/build_contexts/build_ctx_127283027/deps/aws"
rpc-service-config: Hash unchanged at b30e187977d8dafcb4297cff60e036855a7ff531 (dir "/data/fwbuild-volumes/2.17.0/apps/Ultrasonic/esp32/build_contexts/build_ctx_127283027/deps/rpc-service-config")
rpc-service-config: Prepared local dir: "/data/fwbuild-volumes/2.17.0/apps/Ultrasonic/esp32/build_contexts/build_ctx_127283027/deps/rpc-service-config"
wifi: Hash unchanged at 851f55fda6d1b873284d5c4847bec3f13bcc638f (dir "/data/fwbuild-volumes/2.17.0/apps/Ultrasonic/esp32/build_contexts/build_ctx_127283027/deps/wifi")
wifi: Prepared local dir: "/data/fwbuild-volumes/2.17.0/apps/Ultrasonic/esp32/build_contexts/build_ctx_127283027/deps/wifi"
rpc-uart: Hash unchanged at 4c68e5d7b3eecb19ccc6128f111a118384ed20b4 (dir "/data/fwbuild-volumes/2.17.0/apps/Ultrasonic/esp32/build_contexts/build_ctx_127283027/deps/rpc-uart")
rpc-uart: Prepared local dir: "/data/fwbuild-volumes/2.17.0/apps/Ultrasonic/esp32/build_contexts/build_ctx_127283027/deps/rpc-uart"
spi: Hash unchanged at bef6469b5f6f860cc18d4c9a77a590b5ff39924f (dir "/data/fwbuild-volumes/2.17.0/apps/Ultrasonic/esp32/build_contexts/build_ctx_127283027/deps/spi")
spi: Prepared local dir: "/data/fwbuild-volumes/2.17.0/apps/Ultrasonic/esp32/build_contexts/build_ctx_127283027/deps/spi"
core: Done, hash c7359ef09e0f75bd693d88672ba9665b84d0e46a
i2c: Done, hash adf8fa47daa2b8d0e1a5b729f095f77e85e6797b
mqtt: Done, hash 8d6644499c2ec20da9b9fcc6aefd008f2f48e442
rpc-service-fs: Done, hash 7edeecacec8ed276aa83485ae8879219dfface29
sntp: Done, hash 42591292134b829afbceeecd1d52cd510dd922c2
core: Hash unchanged at c7359ef09e0f75bd693d88672ba9665b84d0e46a (dir "/data/fwbuild-volumes/2.17.0/apps/Ultrasonic/esp32/build_contexts/build_ctx_127283027/deps/core")
core: Prepared local dir: "/data/fwbuild-volumes/2.17.0/apps/Ultrasonic/esp32/build_contexts/build_ctx_127283027/deps/core"
sntp: Hash unchanged at 42591292134b829afbceeecd1d52cd510dd922c2 (dir "/data/fwbuild-volumes/2.17.0/apps/Ultrasonic/esp32/build_contexts/build_ctx_127283027/deps/sntp")
sntp: Prepared local dir: "/data/fwbuild-volumes/2.17.0/apps/Ultrasonic/esp32/build_contexts/build_ctx_127283027/deps/sntp"
mqtt: Hash unchanged at 8d6644499c2ec20da9b9fcc6aefd008f2f48e442 (dir "/data/fwbuild-volumes/2.17.0/apps/Ultrasonic/esp32/build_contexts/build_ctx_127283027/deps/mqtt")
mqtt: Prepared local dir: "/data/fwbuild-volumes/2.17.0/apps/Ultrasonic/esp32/build_contexts/build_ctx_127283027/deps/mqtt"
rpc-service-fs: Hash unchanged at 7edeecacec8ed276aa83485ae8879219dfface29 (dir "/data/fwbuild-volumes/2.17.0/apps/Ultrasonic/esp32/build_contexts/build_ctx_127283027/deps/rpc-service-fs")
rpc-service-fs: Prepared local dir: "/data/fwbuild-volumes/2.17.0/apps/Ultrasonic/esp32/build_contexts/build_ctx_127283027/deps/rpc-service-fs"
i2c: Hash unchanged at adf8fa47daa2b8d0e1a5b729f095f77e85e6797b (dir "/data/fwbuild-volumes/2.17.0/apps/Ultrasonic/esp32/build_contexts/build_ctx_127283027/deps/i2c")
i2c: Prepared local dir: "/data/fwbuild-volumes/2.17.0/apps/Ultrasonic/esp32/build_contexts/build_ctx_127283027/deps/i2c"
Handling lib "rpc-common"...
rpc-common: Checking out 2.17.0...
rpc-common: Done, hash 7f1fa52a0ee6ac88bd344691086f176c7fc448a9
rpc-common: Hash unchanged at 7f1fa52a0ee6ac88bd344691086f176c7fc448a9 (dir "/data/fwbuild-volumes/2.17.0/apps/Ultrasonic/esp32/build_contexts/build_ctx_127283027/deps/rpc-common")
rpc-common: Prepared local dir: "/data/fwbuild-volumes/2.17.0/apps/Ultrasonic/esp32/build_contexts/build_ctx_127283027/deps/rpc-common"
Handling lib "mongoose"...
mongoose: Checking out 2.17.0...
mongoose: Done, hash 08dafbf084c7c25207f28b00948df04b0c218844
mongoose: Hash unchanged at 08dafbf084c7c25207f28b00948df04b0c218844 (dir "/data/fwbuild-volumes/2.17.0/apps/Ultrasonic/esp32/build_contexts/build_ctx_127283027/deps/mongoose")
mongoose: Prepared local dir: "/data/fwbuild-volumes/2.17.0/apps/Ultrasonic/esp32/build_contexts/build_ctx_127283027/deps/mongoose"
Handling lib "vfs-common"...
Handling lib "mbedtls"...
vfs-common: Checking out 2.17.0...
mbedtls: Checking out 2.17.0...
vfs-common: Done, hash 6e0af5a5e886b051160c9948218c7419c662e1e3
vfs-common: Hash unchanged at 6e0af5a5e886b051160c9948218c7419c662e1e3 (dir "/data/fwbuild-volumes/2.17.0/apps/Ultrasonic/esp32/build_contexts/build_ctx_127283027/deps/vfs-common")
vfs-common: Prepared local dir: "/data/fwbuild-volumes/2.17.0/apps/Ultrasonic/esp32/build_contexts/build_ctx_127283027/deps/vfs-common"
mbedtls: Done, hash ec0fd0c129ce35edb64ec45f512a42e76ef64623
mbedtls: Hash unchanged at ec0fd0c129ce35edb64ec45f512a42e76ef64623 (dir "/data/fwbuild-volumes/2.17.0/apps/Ultrasonic/esp32/build_contexts/build_ctx_127283027/deps/mbedtls")
mbedtls: Prepared local dir: "/data/fwbuild-volumes/2.17.0/apps/Ultrasonic/esp32/build_contexts/build_ctx_127283027/deps/mbedtls"
Handling lib "atca"...
atca: Checking out 2.17.0...
atca: Done, hash 8fc5370f2244244e91973316bac28fd5a19528f9
atca: Hash unchanged at 8fc5370f2244244e91973316bac28fd5a19528f9 (dir "/data/fwbuild-volumes/2.17.0/apps/Ultrasonic/esp32/build_contexts/build_ctx_127283027/deps/atca")
atca: Prepared local dir: "/data/fwbuild-volumes/2.17.0/apps/Ultrasonic/esp32/build_contexts/build_ctx_127283027/deps/atca"
Handling lib "freertos"...
Handling lib "vfs-fs-spiffs"...
Handling lib "vfs-fs-lfs"...
freertos: Checking out 2.17.0...
vfs-fs-spiffs: Checking out 2.17.0...
vfs-fs-lfs: Checking out 2.17.0...
vfs-fs-spiffs: Done, hash 12850caac96f1ea6278d21a661d93a11228de4c3
vfs-fs-lfs: Done, hash c62bb1e71eadacda195ae550b767bca4d3452c6a
freertos: Done, hash b8ed791ec9e61a5784f3ae78829b2ef2d1aca638
vfs-fs-spiffs: Hash unchanged at 12850caac96f1ea6278d21a661d93a11228de4c3 (dir "/data/fwbuild-volumes/2.17.0/apps/Ultrasonic/esp32/build_contexts/build_ctx_127283027/deps/vfs-fs-spiffs")
vfs-fs-spiffs: Prepared local dir: "/data/fwbuild-volumes/2.17.0/apps/Ultrasonic/esp32/build_contexts/build_ctx_127283027/deps/vfs-fs-spiffs"
vfs-fs-lfs: Hash unchanged at c62bb1e71eadacda195ae550b767bca4d3452c6a (dir "/data/fwbuild-volumes/2.17.0/apps/Ultrasonic/esp32/build_contexts/build_ctx_127283027/deps/vfs-fs-lfs")
vfs-fs-lfs: Prepared local dir: "/data/fwbuild-volumes/2.17.0/apps/Ultrasonic/esp32/build_contexts/build_ctx_127283027/deps/vfs-fs-lfs"
freertos: Hash unchanged at b8ed791ec9e61a5784f3ae78829b2ef2d1aca638 (dir "/data/fwbuild-volumes/2.17.0/apps/Ultrasonic/esp32/build_contexts/build_ctx_127283027/deps/freertos")
freertos: Prepared local dir: "/data/fwbuild-volumes/2.17.0/apps/Ultrasonic/esp32/build_contexts/build_ctx_127283027/deps/freertos"
The flag --repo is not given, going to use mongoose-os repository
mongoose-os: Checking out 2.17.0...
mongoose-os: Done, hash c31a7453f6754f80acab6b1b229fc097bf411f37
Prebuilt binary for "mbedtls" already exists at "/data/fwbuild-volumes/2.17.0/apps/Ultrasonic/esp32/build_contexts/build_ctx_127283027/build/objs/libmbedtls-esp32-2.17.0.a"
Prebuilt binary for "mongoose" already exists at "/data/fwbuild-volumes/2.17.0/apps/Ultrasonic/esp32/build_contexts/build_ctx_127283027/build/objs/libmongoose-esp32-2.17.0.a"
Sources: [/data/fwbuild-volumes/2.17.0/apps/Ultrasonic/esp32/build_contexts/build_ctx_127283027/src/main.cpp /data/fwbuild-volumes/2.17.0/apps/Ultrasonic/esp32/build_contexts/build_ctx_127283027/build/gen/mgos_deps_init.c /data/fwbuild-volumes/2.17.0/apps/Ultrasonic/esp32/build_contexts/build_ctx_127283027/deps/freertos/src/mgos_freertos.c /data/fwbuild-volumes/2.17.0/apps/Ultrasonic/esp32/build_contexts/build_ctx_127283027/deps/freertos/src/mgos_freertos_core_dump.c /data/fwbuild-volumes/2.17.0/apps/Ultrasonic/esp32/build_contexts/build_ctx_127283027/deps/i2c/src/mgos_i2c_master.c /data/fwbuild-volumes/2.17.0/apps/Ultrasonic/esp32/build_contexts/build_ctx_127283027/deps/i2c/src/esp32/esp32_i2c_master.c /data/fwbuild-volumes/2.17.0/apps/Ultrasonic/esp32/build_contexts/build_ctx_127283027/deps/atca/src/mgos_atca.c /data/fwbuild-volumes/2.17.0/apps/Ultrasonic/esp32/build_contexts/build_ctx_127283027/deps/atca/src/mgos_atca_hal.c /data/fwbuild-volumes/2.17.0/apps/Ultrasonic/esp32/build_contexts/build_ctx_127283027/deps/atca/cryptoauthlib/lib/atca_cfgs.c /data/fwbuild-volumes/2.17.0/apps/Ultrasonic/esp32/build_contexts/build_ctx_127283027/deps/atca/cryptoauthlib/lib/atca_command.c /data/fwbuild-volumes/2.17.0/apps/Ultrasonic/esp32/build_contexts/build_ctx_127283027/deps/atca/cryptoauthlib/lib/atca_device.c /data/fwbuild-volumes/2.17.0/apps/Ultrasonic/esp32/build_contexts/build_ctx_127283027/deps/atca/cryptoauthlib/lib/atca_execution.c /data/fwbuild-volumes/2.17.0/apps/Ultrasonic/esp32/build_contexts/build_ctx_127283027/deps/atca/cryptoauthlib/lib/atca_iface.c /data/fwbuild-volumes/2.17.0/apps/Ultrasonic/esp32/build_contexts/build_ctx_127283027/deps/atca/cryptoauthlib/lib/basic/atca_basic.c /data/fwbuild-volumes/2.17.0/apps/Ultrasonic/esp32/build_contexts/build_ctx_127283027/deps/atca/cryptoauthlib/lib/basic/atca_basic_aes.c /data/fwbuild-volumes/2.17.0/apps/Ultrasonic/esp32/build_contexts/build_ctx_127283027/deps/atca/cryptoauthlib/lib/basic/atca_basic_aes_cbc.c /data/fwbuild-volumes/2.17.0/apps/Ultrasonic/esp32/build_contexts/build_ctx_127283027/deps/atca/cryptoauthlib/lib/basic/atca_basic_aes_cmac.c /data/fwbuild-volumes/2.17.0/apps/Ultrasonic/esp32/build_contexts/build_ctx_127283027/deps/atca/cryptoauthlib/lib/basic/atca_basic_aes_ctr.c /data/fwbuild-volumes/2.17.0/apps/Ultrasonic/esp32/build_contexts/build_ctx_127283027/deps/atca/cryptoauthlib/lib/basic/atca_basic_aes_gcm.c /data/fwbuild-volumes/2.17.0/apps/Ultrasonic/esp32/build_contexts/build_ctx_127283027/deps/atca/cryptoauthlib/lib/basic/atca_basic_checkmac.c /data/fwbuild-volumes/2.17.0/apps/Ultrasonic/esp32/build_contexts/build_ctx_127283027/deps/atca/cryptoauthlib/lib/basic/atca_basic_counter.c /data/fwbuild-volumes/2.17.0/apps/Ultrasonic/esp32/build_contexts/build_ctx_127283027/deps/atca/cryptoauthlib/lib/basic/atca_basic_derivekey.c /data/fwbuild-volumes/2.17.0/apps/Ultrasonic/esp32/build_contexts/build_ctx_127283027/deps/atca/cryptoauthlib/lib/basic/atca_basic_ecdh.c /data/fwbuild-volumes/2.17.0/apps/Ultrasonic/esp32/build_contexts/build_ctx_127283027/deps/atca/cryptoauthlib/lib/basic/atca_basic_gendig.c /data/fwbuild-volumes/2.17.0/apps/Ultrasonic/esp32/build_contexts/build_ctx_127283027/deps/atca/cryptoauthlib/lib/basic/atca_basic_genkey.c /data/fwbuild-volumes/2.17.0/apps/Ultrasonic/esp32/build_contexts/build_ctx_127283027/deps/atca/cryptoauthlib/lib/basic/atca_basic_hmac.c /data/fwbuild-volumes/2.17.0/apps/Ultrasonic/esp32/build_contexts/build_ctx_127283027/deps/atca/cryptoauthlib/lib/basic/atca_basic_info.c /data/fwbuild-volumes/2.17.0/apps/Ultrasonic/esp32/build_contexts/build_ctx_127283027/deps/atca/cryptoauthlib/lib/basic/atca_basic_kdf.c /data/fwbuild-volumes/2.17.0/apps/Ultrasonic/esp32/build_contexts/build_ctx_127283027/deps/atca/cryptoauthlib/lib/basic/atca_basic_lock.c /data/fwbuild-volumes/2.17.0/apps/Ultrasonic/esp32/build_contexts/build_ctx_127283027/deps/atca/cryptoauthlib/lib/basic/atca_basic_mac.c /data/fwbuild-volumes/2.17.0/apps/Ultrasonic/esp32/build_contexts/build_ctx_127283027/deps/atca/cryptoauthlib/lib/basic/atca_basic_nonce.c /data/fwbuild-volumes/2.17.0/apps/Ultrasonic/esp32/build_contexts/build_ctx_127283027/deps/atca/cryptoauthlib/lib/basic/atca_basic_privwrite.c /data/fwbuild-volumes/2.17.0/apps/Ultrasonic/esp32/build_contexts/build_ctx_127283027/deps/atca/cryptoauthlib/lib/basic/atca_basic_random.c /data/fwbuild-volumes/2.17.0/apps/Ultrasonic/esp32/build_contexts/build_ctx_127283027/deps/atca/cryptoauthlib/lib/basic/atca_basic_read.c /data/fwbuild-volumes/2.17.0/apps/Ultrasonic/esp32/build_contexts/build_ctx_127283027/deps/atca/cryptoauthlib/lib/basic/atca_basic_secureboot.c /data/fwbuild-volumes/2.17.0/apps/Ultrasonic/esp32/build_contexts/build_ctx_127283027/deps/atca/cryptoauthlib/lib/basic/atca_basic_selftest.c /data/fwbuild-volumes/2.17.0/apps/Ultrasonic/esp32/build_contexts/build_ctx_127283027/deps/atca/cryptoauthlib/lib/basic/atca_basic_sha.c /data/fwbuild-volumes/2.17.0/apps/Ultrasonic/esp32/build_contexts/build_ctx_127283027/deps/atca/cryptoauthlib/lib/basic/atca_basic_sign.c /data/fwbuild-volumes/2.17.0/apps/Ultrasonic/esp32/build_contexts/build_ctx_127283027/deps/atca/cryptoauthlib/lib/basic/atca_basic_updateextra.c /data/fwbuild-volumes/2.17.0/apps/Ultrasonic/esp32/build_contexts/build_ctx_127283027/deps/atca/cryptoauthlib/lib/basic/atca_basic_verify.c /data/fwbuild-volumes/2.17.0/apps/Ultrasonic/esp32/build_contexts/build_ctx_127283027/deps/atca/cryptoauthlib/lib/basic/atca_basic_write.c /data/fwbuild-volumes/2.17.0/apps/Ultrasonic/esp32/build_contexts/build_ctx_127283027/deps/atca/cryptoauthlib/lib/basic/atca_helpers.c /data/fwbuild-volumes/2.17.0/apps/Ultrasonic/esp32/build_contexts/build_ctx_127283027/deps/atca/cryptoauthlib/lib/host/atca_host.c /data/fwbuild-volumes/2.17.0/apps/Ultrasonic/esp32/build_contexts/build_ctx_127283027/deps/atca/cryptoauthlib/lib/mbedtls/atca_mbedtls_wrap.c /data/fwbuild-volumes/2.17.0/apps/Ultrasonic/esp32/build_contexts/build_ctx_127283027/deps/vfs-common/src/mgos_vfs.c /data/fwbuild-volumes/2.17.0/apps/Ultrasonic/esp32/build_contexts/build_ctx_127283027/deps/vfs-common/src/mgos_vfs_dev.c /data/fwbuild-volumes/2.17.0/apps/Ultrasonic/esp32/build_contexts/build_ctx_127283027/deps/vfs-common/src/mgos_vfs_internal.c /data/fwbuild-volumes/2.17.0/apps/Ultrasonic/esp32/build_contexts/build_ctx_127283027/deps/vfs-common/src/esp32/esp32_fs.c /data/fwbuild-volumes/2.17.0/apps/Ultrasonic/esp32/build_contexts/build_ctx_127283027/deps/vfs-common/src/esp32/esp32_fs_crypt.c /data/fwbuild-volumes/2.17.0/apps/Ultrasonic/esp32/build_contexts/build_ctx_127283027/deps/vfs-common/src/esp32/esp32_vfs_dev_partition.c /data/fwbuild-volumes/2.17.0/apps/Ultrasonic/esp32/build_contexts/build_ctx_127283027/deps/vfs-fs-lfs/src/mgos_vfs_lfs.c /data/fwbuild-volumes/2.17.0/apps/Ultrasonic/esp32/build_contexts/build_ctx_127283027/deps/vfs-fs-lfs/littlefs/lfs.c /data/fwbuild-volumes/2.17.0/apps/Ultrasonic/esp32/build_contexts/build_ctx_127283027/deps/vfs-fs-lfs/littlefs/lfs_util.c /data/fwbuild-volumes/2.17.0/apps/Ultrasonic/esp32/build_contexts/build_ctx_127283027/deps/vfs-fs-lfs/littlefs1/lfs1.c /data/fwbuild-volumes/2.17.0/apps/Ultrasonic/esp32/build_contexts/build_ctx_127283027/deps/vfs-fs-lfs/littlefs1/lfs1_util.c /data/fwbuild-volumes/2.17.0/apps/Ultrasonic/esp32/build_contexts/build_ctx_127283027/deps/vfs-fs-spiffs/src/mgos_vfs_fs_spiffs.c /data/fwbuild-volumes/2.17.0/apps/Ultrasonic/esp32/build_contexts/build_ctx_127283027/deps/vfs-fs-spiffs/src/spiffs/spiffs_cache.c /data/fwbuild-volumes/2.17.0/apps/Ultrasonic/esp32/build_contexts/build_ctx_127283027/deps/vfs-fs-spiffs/src/spiffs/spiffs_check.c /data/fwbuild-volumes/2.17.0/apps/Ultrasonic/esp32/build_contexts/build_ctx_127283027/deps/vfs-fs-spiffs/src/spiffs/spiffs_gc.c /data/fwbuild-volumes/2.17.0/apps/Ultrasonic/esp32/build_contexts/build_ctx_127283027/deps/vfs-fs-spiffs/src/spiffs/spiffs_hydrogen.c /data/fwbuild-volumes/2.17.0/apps/Ultrasonic/esp32/build_contexts/build_ctx_127283027/deps/vfs-fs-spiffs/src/spiffs/spiffs_nucleus.c /data/fwbuild-volumes/2.17.0/apps/Ultrasonic/esp32/build_contexts/build_ctx_127283027/deps/core/src/mgos_core.c /data/fwbuild-volumes/2.17.0/apps/Ultrasonic/esp32/build_contexts/build_ctx_127283027/deps/mqtt/src/mgos_mqtt.c /data/fwbuild-volumes/2.17.0/apps/Ultrasonic/esp32/build_contexts/build_ctx_127283027/deps/mqtt/src/mgos_mqtt_conn.c /data/fwbuild-volumes/2.17.0/apps/Ultrasonic/esp32/build_contexts/build_ctx_127283027/deps/shadow/src/mgos_shadow.c /data/fwbuild-volumes/2.17.0/apps/Ultrasonic/esp32/build_contexts/build_ctx_127283027/deps/aws/src/mgos_aws.c /data/fwbuild-volumes/2.17.0/apps/Ultrasonic/esp32/build_contexts/build_ctx_127283027/deps/aws/src/mgos_aws_greengrass.c /data/fwbuild-volumes/2.17.0/apps/Ultrasonic/esp32/build_contexts/build_ctx_127283027/deps/aws/src/mgos_aws_shadow.c /data/fwbuild-volumes/2.17.0/apps/Ultrasonic/esp32/build_contexts/build_ctx_127283027/deps/rpc-common/src/mg_rpc.c /data/fwbuild-volumes/2.17.0/apps/Ultrasonic/esp32/build_contexts/build_ctx_127283027/deps/rpc-common/src/mg_rpc_channel.c /data/fwbuild-volumes/2.17.0/apps/Ultrasonic/esp32/build_contexts/build_ctx_127283027/deps/rpc-common/src/mg_rpc_channel_http.c /data/fwbuild-volumes/2.17.0/apps/Ultrasonic/esp32/build_contexts/build_ctx_127283027/deps/rpc-common/src/mgos_rpc.c /data/fwbuild-volumes/2.17.0/apps/Ultrasonic/esp32/build_contexts/build_ctx_127283027/deps/rpc-service-config/src/mgos_service_config.c /data/fwbuild-volumes/2.17.0/apps/Ultrasonic/esp32/build_contexts/build_ctx_127283027/deps/rpc-service-fs/src/mgos_service_fs.c /data/fwbuild-volumes/2.17.0/apps/Ultrasonic/esp32/build_contexts/build_ctx_127283027/deps/rpc-uart/src/mgos_rpc_channel_uart.c /data/fwbuild-volumes/2.17.0/apps/Ultrasonic/esp32/build_contexts/build_ctx_127283027/deps/sntp/src/mgos_sntp.c /data/fwbuild-volumes/2.17.0/apps/Ultrasonic/esp32/build_contexts/build_ctx_127283027/deps/spi/src/mgos_spi.c /data/fwbuild-volumes/2.17.0/apps/Ultrasonic/esp32/build_contexts/build_ctx_127283027/deps/spi/src/mgos_spi_mjs.c /data/fwbuild-volumes/2.17.0/apps/Ultrasonic/esp32/build_contexts/build_ctx_127283027/deps/spi/src/esp32/esp32_spi_master.c /data/fwbuild-volumes/2.17.0/apps/Ultrasonic/esp32/build_contexts/build_ctx_127283027/deps/wifi/src/mgos_wifi.c /data/fwbuild-volumes/2.17.0/apps/Ultrasonic/esp32/build_contexts/build_ctx_127283027/deps/wifi/src/mjs_wifi.c /data/fwbuild-volumes/2.17.0/apps/Ultrasonic/esp32/build_contexts/build_ctx_127283027/deps/wifi/src/esp32/esp32_wifi.c]
Include dirs: [/data/fwbuild-volumes/2.17.0/apps/Ultrasonic/esp32/build_contexts/build_ctx_127283027/deps/freertos/include /data/fwbuild-volumes/2.17.0/apps/Ultrasonic/esp32/build_contexts/build_ctx_127283027/deps/freertos/include/esp32 /data/fwbuild-volumes/2.17.0/apps/Ultrasonic/esp32/build_contexts/build_ctx_127283027/deps/i2c/include /data/fwbuild-volumes/2.17.0/apps/Ultrasonic/esp32/build_contexts/build_ctx_127283027/deps/atca/include /data/fwbuild-volumes/2.17.0/apps/Ultrasonic/esp32/build_contexts/build_ctx_127283027/deps/atca/cryptoauthlib/lib /data/fwbuild-volumes/2.17.0/apps/Ultrasonic/esp32/build_contexts/build_ctx_127283027/deps/atca/cryptoauthlib/lib/crypto /data/fwbuild-volumes/2.17.0/apps/Ultrasonic/esp32/build_contexts/build_ctx_127283027/deps/atca/cryptoauthlib/lib/hal /data/fwbuild-volumes/2.17.0/apps/Ultrasonic/esp32/build_contexts/build_ctx_127283027/deps/mbedtls/include /data/fwbuild-volumes/2.17.0/apps/Ultrasonic/esp32/build_contexts/build_ctx_127283027/deps/mbedtls/include/esp32 /data/fwbuild-volumes/2.17.0/apps/Ultrasonic/esp32/build_contexts/build_ctx_127283027/deps/mbedtls/mbedtls/include /data/fwbuild-volumes/2.17.0/apps/Ultrasonic/esp32/build_contexts/build_ctx_127283027/deps/vfs-common/include /data/fwbuild-volumes/2.17.0/apps/Ultrasonic/esp32/build_contexts/build_ctx_127283027/deps/vfs-common/include/esp32 /data/fwbuild-volumes/2.17.0/apps/Ultrasonic/esp32/build_contexts/build_ctx_127283027/deps/mongoose/include /data/fwbuild-volumes/2.17.0/apps/Ultrasonic/esp32/build_contexts/build_ctx_127283027/deps/vfs-fs-lfs/include /data/fwbuild-volumes/2.17.0/apps/Ultrasonic/esp32/build_contexts/build_ctx_127283027/deps/vfs-fs-lfs/littlefs /data/fwbuild-volumes/2.17.0/apps/Ultrasonic/esp32/build_contexts/build_ctx_127283027/deps/vfs-fs-lfs/littlefs1 /data/fwbuild-volumes/2.17.0/apps/Ultrasonic/esp32/build_contexts/build_ctx_127283027/deps/vfs-fs-spiffs/include /data/fwbuild-volumes/2.17.0/apps/Ultrasonic/esp32/build_contexts/build_ctx_127283027/deps/vfs-fs-spiffs/include/spiffs /data/fwbuild-volumes/2.17.0/apps/Ultrasonic/esp32/build_contexts/build_ctx_127283027/deps/vfs-fs-spiffs/include/esp32 /data/fwbuild-volumes/2.17.0/apps/Ultrasonic/esp32/build_contexts/build_ctx_127283027/deps/core/include /data/fwbuild-volumes/2.17.0/apps/Ultrasonic/esp32/build_contexts/build_ctx_127283027/deps/core/include/esp32 /data/fwbuild-volumes/2.17.0/apps/Ultrasonic/esp32/build_contexts/build_ctx_127283027/deps/mqtt/include /data/fwbuild-volumes/2.17.0/apps/Ultrasonic/esp32/build_contexts/build_ctx_127283027/deps/shadow/include /data/fwbuild-volumes/2.17.0/apps/Ultrasonic/esp32/build_contexts/build_ctx_127283027/deps/aws/include /data/fwbuild-volumes/2.17.0/apps/Ultrasonic/esp32/build_contexts/build_ctx_127283027/deps/rpc-common/include /data/fwbuild-volumes/2.17.0/apps/Ultrasonic/esp32/build_contexts/build_ctx_127283027/deps/rpc-service-config/include /data/fwbuild-volumes/2.17.0/apps/Ultrasonic/esp32/build_contexts/build_ctx_127283027/deps/rpc-service-fs/include /data/fwbuild-volumes/2.17.0/apps/Ultrasonic/esp32/build_contexts/build_ctx_127283027/deps/rpc-uart/include /data/fwbuild-volumes/2.17.0/apps/Ultrasonic/esp32/build_contexts/build_ctx_127283027/deps/spi/include /data/fwbuild-volumes/2.17.0/apps/Ultrasonic/esp32/build_contexts/build_ctx_127283027/deps/wifi/include /data/fwbuild-volumes/2.17.0/apps/Ultrasonic/esp32/build_contexts/build_ctx_127283027/deps/wifi/include/esp32]
Binary libs: [/data/fwbuild-volumes/2.17.0/apps/Ultrasonic/esp32/build_contexts/build_ctx_127283027/build/objs/libmbedtls-esp32-2.17.0.a /data/fwbuild-volumes/2.17.0/apps/Ultrasonic/esp32/build_contexts/build_ctx_127283027/build/objs/libmongoose-esp32-2.17.0.a]
Building...
mount from "/data/fwbuild-volumes/2.17.0/apps/Ultrasonic/esp32/build_contexts/build_ctx_127283027" to "/app"
mount from "/data/fwbuild-volumes/2.17.0/apps/Ultrasonic/esp32/build_contexts/build_ctx_127283027/deps/modules/mongoose-os" to "/mongoose-os"
mount from "/data/fwbuild-volumes/2.17.0/apps/Ultrasonic/esp32/build_contexts/build_ctx_127283027/deps/modules/mongoose-os" to "/data/fwbuild-volumes/2.17.0/apps/Ultrasonic/esp32/build_contexts/build_ctx_127283027/deps/modules/mongoose-os"
mount from "/data/fwbuild-volumes/2.17.0/apps/Ultrasonic/esp32/build_contexts/build_ctx_127283027/build" to "/data/fwbuild-volumes/2.17.0/apps/Ultrasonic/esp32/build_contexts/build_ctx_127283027/build"
mount from "/data/fwbuild-volumes/2.17.0/apps/Ultrasonic/esp32/build_contexts/build_ctx_127283027/src" to "/data/fwbuild-volumes/2.17.0/apps/Ultrasonic/esp32/build_contexts/build_ctx_127283027/src"
mount from "/data/fwbuild-volumes/2.17.0/apps/Ultrasonic/esp32/build_contexts/build_ctx_127283027/build/gen" to "/data/fwbuild-volumes/2.17.0/apps/Ultrasonic/esp32/build_contexts/build_ctx_127283027/build/gen"
mount from "/data/fwbuild-volumes/2.17.0/apps/Ultrasonic/esp32/build_contexts/build_ctx_127283027/deps/freertos/src" to "/data/fwbuild-volumes/2.17.0/apps/Ultrasonic/esp32/build_contexts/build_ctx_127283027/deps/freertos/src"
mount from "/data/fwbuild-volumes/2.17.0/apps/Ultrasonic/esp32/build_contexts/build_ctx_127283027/deps/i2c/src" to "/data/fwbuild-volumes/2.17.0/apps/Ultrasonic/esp32/build_contexts/build_ctx_127283027/deps/i2c/src"
mount from "/data/fwbuild-volumes/2.17.0/apps/Ultrasonic/esp32/build_contexts/build_ctx_127283027/deps/i2c/src/esp32" to "/data/fwbuild-volumes/2.17.0/apps/Ultrasonic/esp32/build_contexts/build_ctx_127283027/deps/i2c/src/esp32"
mount from "/data/fwbuild-volumes/2.17.0/apps/Ultrasonic/esp32/build_contexts/build_ctx_127283027/deps/atca/src" to "/data/fwbuild-volumes/2.17.0/apps/Ultrasonic/esp32/build_contexts/build_ctx_127283027/deps/atca/src"
mount from "/data/fwbuild-volumes/2.17.0/apps/Ultrasonic/esp32/build_contexts/build_ctx_127283027/deps/atca/cryptoauthlib/lib" to "/data/fwbuild-volumes/2.17.0/apps/Ultrasonic/esp32/build_contexts/build_ctx_127283027/deps/atca/cryptoauthlib/lib"
mount from "/data/fwbuild-volumes/2.17.0/apps/Ultrasonic/esp32/build_contexts/build_ctx_127283027/deps/atca/cryptoauthlib/lib/basic" to "/data/fwbuild-volumes/2.17.0/apps/Ultrasonic/esp32/build_contexts/build_ctx_127283027/deps/atca/cryptoauthlib/lib/basic"
mount from "/data/fwbuild-volumes/2.17.0/apps/Ultrasonic/esp32/build_contexts/build_ctx_127283027/deps/atca/cryptoauthlib/lib/host" to "/data/fwbuild-volumes/2.17.0/apps/Ultrasonic/esp32/build_contexts/build_ctx_127283027/deps/atca/cryptoauthlib/lib/host"
mount from "/data/fwbuild-volumes/2.17.0/apps/Ultrasonic/esp32/build_contexts/build_ctx_127283027/deps/atca/cryptoauthlib/lib/mbedtls" to "/data/fwbuild-volumes/2.17.0/apps/Ultrasonic/esp32/build_contexts/build_ctx_127283027/deps/atca/cryptoauthlib/lib/mbedtls"
mount from "/data/fwbuild-volumes/2.17.0/apps/Ultrasonic/esp32/build_contexts/build_ctx_127283027/deps/vfs-common/src" to "/data/fwbuild-volumes/2.17.0/apps/Ultrasonic/esp32/build_contexts/build_ctx_127283027/deps/vfs-common/src"
mount from "/data/fwbuild-volumes/2.17.0/apps/Ultrasonic/esp32/build_contexts/build_ctx_127283027/deps/vfs-common/src/esp32" to "/data/fwbuild-volumes/2.17.0/apps/Ultrasonic/esp32/build_contexts/build_ctx_127283027/deps/vfs-common/src/esp32"
mount from "/data/fwbuild-volumes/2.17.0/apps/Ultrasonic/esp32/build_contexts/build_ctx_127283027/deps/vfs-fs-lfs/src" to "/data/fwbuild-volumes/2.17.0/apps/Ultrasonic/esp32/build_contexts/build_ctx_127283027/deps/vfs-fs-lfs/src"
mount from "/data/fwbuild-volumes/2.17.0/apps/Ultrasonic/esp32/build_contexts/build_ctx_127283027/deps/vfs-fs-lfs/littlefs" to "/data/fwbuild-volumes/2.17.0/apps/Ultrasonic/esp32/build_contexts/build_ctx_127283027/deps/vfs-fs-lfs/littlefs"
mount from "/data/fwbuild-volumes/2.17.0/apps/Ultrasonic/esp32/build_contexts/build_ctx_127283027/deps/vfs-fs-lfs/littlefs1" to "/data/fwbuild-volumes/2.17.0/apps/Ultrasonic/esp32/build_contexts/build_ctx_127283027/deps/vfs-fs-lfs/littlefs1"
mount from "/data/fwbuild-volumes/2.17.0/apps/Ultrasonic/esp32/build_contexts/build_ctx_127283027/deps/vfs-fs-spiffs/src" to "/data/fwbuild-volumes/2.17.0/apps/Ultrasonic/esp32/build_contexts/build_ctx_127283027/deps/vfs-fs-spiffs/src"
mount from "/data/fwbuild-volumes/2.17.0/apps/Ultrasonic/esp32/build_contexts/build_ctx_127283027/deps/vfs-fs-spiffs/src/spiffs" to "/data/fwbuild-volumes/2.17.0/apps/Ultrasonic/esp32/build_contexts/build_ctx_127283027/deps/vfs-fs-spiffs/src/spiffs"
mount from "/data/fwbuild-volumes/2.17.0/apps/Ultrasonic/esp32/build_contexts/build_ctx_127283027/deps/core/src" to "/data/fwbuild-volumes/2.17.0/apps/Ultrasonic/esp32/build_contexts/build_ctx_127283027/deps/core/src"
mount from "/data/fwbuild-volumes/2.17.0/apps/Ultrasonic/esp32/build_contexts/build_ctx_127283027/deps/mqtt/src" to "/data/fwbuild-volumes/2.17.0/apps/Ultrasonic/esp32/build_contexts/build_ctx_127283027/deps/mqtt/src"
mount from "/data/fwbuild-volumes/2.17.0/apps/Ultrasonic/esp32/build_contexts/build_ctx_127283027/deps/shadow/src" to "/data/fwbuild-volumes/2.17.0/apps/Ultrasonic/esp32/build_contexts/build_ctx_127283027/deps/shadow/src"
mount from "/data/fwbuild-volumes/2.17.0/apps/Ultrasonic/esp32/build_contexts/build_ctx_127283027/deps/aws/src" to "/data/fwbuild-volumes/2.17.0/apps/Ultrasonic/esp32/build_contexts/build_ctx_127283027/deps/aws/src"
mount from "/data/fwbuild-volumes/2.17.0/apps/Ultrasonic/esp32/build_contexts/build_ctx_127283027/deps/rpc-common/src" to "/data/fwbuild-volumes/2.17.0/apps/Ultrasonic/esp32/build_contexts/build_ctx_127283027/deps/rpc-common/src"
mount from "/data/fwbuild-volumes/2.17.0/apps/Ultrasonic/esp32/build_contexts/build_ctx_127283027/deps/rpc-service-config/src" to "/data/fwbuild-volumes/2.17.0/apps/Ultrasonic/esp32/build_contexts/build_ctx_127283027/deps/rpc-service-config/src"
mount from "/data/fwbuild-volumes/2.17.0/apps/Ultrasonic/esp32/build_contexts/build_ctx_127283027/deps/rpc-service-fs/src" to "/data/fwbuild-volumes/2.17.0/apps/Ultrasonic/esp32/build_contexts/build_ctx_127283027/deps/rpc-service-fs/src"
mount from "/data/fwbuild-volumes/2.17.0/apps/Ultrasonic/esp32/build_contexts/build_ctx_127283027/deps/rpc-uart/src" to "/data/fwbuild-volumes/2.17.0/apps/Ultrasonic/esp32/build_contexts/build_ctx_127283027/deps/rpc-uart/src"
mount from "/data/fwbuild-volumes/2.17.0/apps/Ultrasonic/esp32/build_contexts/build_ctx_127283027/deps/sntp/src" to "/data/fwbuild-volumes/2.17.0/apps/Ultrasonic/esp32/build_contexts/build_ctx_127283027/deps/sntp/src"
mount from "/data/fwbuild-volumes/2.17.0/apps/Ultrasonic/esp32/build_contexts/build_ctx_127283027/deps/spi/src" to "/data/fwbuild-volumes/2.17.0/apps/Ultrasonic/esp32/build_contexts/build_ctx_127283027/deps/spi/src"
mount from "/data/fwbuild-volumes/2.17.0/apps/Ultrasonic/esp32/build_contexts/build_ctx_127283027/deps/spi/src/esp32" to "/data/fwbuild-volumes/2.17.0/apps/Ultrasonic/esp32/build_contexts/build_ctx_127283027/deps/spi/src/esp32"
mount from "/data/fwbuild-volumes/2.17.0/apps/Ultrasonic/esp32/build_contexts/build_ctx_127283027/deps/wifi/src" to "/data/fwbuild-volumes/2.17.0/apps/Ultrasonic/esp32/build_contexts/build_ctx_127283027/deps/wifi/src"
mount from "/data/fwbuild-volumes/2.17.0/apps/Ultrasonic/esp32/build_contexts/build_ctx_127283027/deps/wifi/src/esp32" to "/data/fwbuild-volumes/2.17.0/apps/Ultrasonic/esp32/build_contexts/build_ctx_127283027/deps/wifi/src/esp32"
mount from "/data/fwbuild-volumes/2.17.0/apps/Ultrasonic/esp32/build_contexts/build_ctx_127283027/deps/freertos/include" to "/data/fwbuild-volumes/2.17.0/apps/Ultrasonic/esp32/build_contexts/build_ctx_127283027/deps/freertos/include"
mount from "/data/fwbuild-volumes/2.17.0/apps/Ultrasonic/esp32/build_contexts/build_ctx_127283027/deps/i2c/include" to "/data/fwbuild-volumes/2.17.0/apps/Ultrasonic/esp32/build_contexts/build_ctx_127283027/deps/i2c/include"
mount from "/data/fwbuild-volumes/2.17.0/apps/Ultrasonic/esp32/build_contexts/build_ctx_127283027/deps/atca/include" to "/data/fwbuild-volumes/2.17.0/apps/Ultrasonic/esp32/build_contexts/build_ctx_127283027/deps/atca/include"
mount from "/data/fwbuild-volumes/2.17.0/apps/Ultrasonic/esp32/build_contexts/build_ctx_127283027/deps/atca/cryptoauthlib/lib" to "/data/fwbuild-volumes/2.17.0/apps/Ultrasonic/esp32/build_contexts/build_ctx_127283027/deps/atca/cryptoauthlib/lib"
mount from "/data/fwbuild-volumes/2.17.0/apps/Ultrasonic/esp32/build_contexts/build_ctx_127283027/deps/atca/cryptoauthlib/lib/crypto" to "/data/fwbuild-volumes/2.17.0/apps/Ultrasonic/esp32/build_contexts/build_ctx_127283027/deps/atca/cryptoauthlib/lib/crypto"
mount from "/data/fwbuild-volumes/2.17.0/apps/Ultrasonic/esp32/build_contexts/build_ctx_127283027/deps/atca/cryptoauthlib/lib/hal" to "/data/fwbuild-volumes/2.17.0/apps/Ultrasonic/esp32/build_contexts/build_ctx_127283027/deps/atca/cryptoauthlib/lib/hal"
mount from "/data/fwbuild-volumes/2.17.0/apps/Ultrasonic/esp32/build_contexts/build_ctx_127283027/deps/mbedtls/include" to "/data/fwbuild-volumes/2.17.0/apps/Ultrasonic/esp32/build_contexts/build_ctx_127283027/deps/mbedtls/include"
mount from "/data/fwbuild-volumes/2.17.0/apps/Ultrasonic/esp32/build_contexts/build_ctx_127283027/deps/mbedtls/include/esp32" to "/data/fwbuild-volumes/2.17.0/apps/Ultrasonic/esp32/build_contexts/build_ctx_127283027/deps/mbedtls/include/esp32"
mount from "/data/fwbuild-volumes/2.17.0/apps/Ultrasonic/esp32/build_contexts/build_ctx_127283027/deps/mbedtls/mbedtls/include" to "/data/fwbuild-volumes/2.17.0/apps/Ultrasonic/esp32/build_contexts/build_ctx_127283027/deps/mbedtls/mbedtls/include"
mount from "/data/fwbuild-volumes/2.17.0/apps/Ultrasonic/esp32/build_contexts/build_ctx_127283027/deps/vfs-common/include" to "/data/fwbuild-volumes/2.17.0/apps/Ultrasonic/esp32/build_contexts/build_ctx_127283027/deps/vfs-common/include"
mount from "/data/fwbuild-volumes/2.17.0/apps/Ultrasonic/esp32/build_contexts/build_ctx_127283027/deps/vfs-common/include/esp32" to "/data/fwbuild-volumes/2.17.0/apps/Ultrasonic/esp32/build_contexts/build_ctx_127283027/deps/vfs-common/include/esp32"
mount from "/data/fwbuild-volumes/2.17.0/apps/Ultrasonic/esp32/build_contexts/build_ctx_127283027/deps/mongoose/include" to "/data/fwbuild-volumes/2.17.0/apps/Ultrasonic/esp32/build_contexts/build_ctx_127283027/deps/mongoose/include"
mount from "/data/fwbuild-volumes/2.17.0/apps/Ultrasonic/esp32/build_contexts/build_ctx_127283027/deps/vfs-fs-lfs/include" to "/data/fwbuild-volumes/2.17.0/apps/Ultrasonic/esp32/build_contexts/build_ctx_127283027/deps/vfs-fs-lfs/include"
mount from "/data/fwbuild-volumes/2.17.0/apps/Ultrasonic/esp32/build_contexts/build_ctx_127283027/deps/vfs-fs-lfs/littlefs" to "/data/fwbuild-volumes/2.17.0/apps/Ultrasonic/esp32/build_contexts/build_ctx_127283027/deps/vfs-fs-lfs/littlefs"
mount from "/data/fwbuild-volumes/2.17.0/apps/Ultrasonic/esp32/build_contexts/build_ctx_127283027/deps/vfs-fs-lfs/littlefs1" to "/data/fwbuild-volumes/2.17.0/apps/Ultrasonic/esp32/build_contexts/build_ctx_127283027/deps/vfs-fs-lfs/littlefs1"
mount from "/data/fwbuild-volumes/2.17.0/apps/Ultrasonic/esp32/build_contexts/build_ctx_127283027/deps/vfs-fs-spiffs/include" to "/data/fwbuild-volumes/2.17.0/apps/Ultrasonic/esp32/build_contexts/build_ctx_127283027/deps/vfs-fs-spiffs/include"
mount from "/data/fwbuild-volumes/2.17.0/apps/Ultrasonic/esp32/build_contexts/build_ctx_127283027/deps/vfs-fs-spiffs/include/spiffs" to "/data/fwbuild-volumes/2.17.0/apps/Ultrasonic/esp32/build_contexts/build_ctx_127283027/deps/vfs-fs-spiffs/include/spiffs"
mount from "/data/fwbuild-volumes/2.17.0/apps/Ultrasonic/esp32/build_contexts/build_ctx_127283027/deps/vfs-fs-spiffs/include/esp32" to "/data/fwbuild-volumes/2.17.0/apps/Ultrasonic/esp32/build_contexts/build_ctx_127283027/deps/vfs-fs-spiffs/include/esp32"
mount from "/data/fwbuild-volumes/2.17.0/apps/Ultrasonic/esp32/build_contexts/build_ctx_127283027/deps/core/include" to "/data/fwbuild-volumes/2.17.0/apps/Ultrasonic/esp32/build_contexts/build_ctx_127283027/deps/core/include"
mount from "/data/fwbuild-volumes/2.17.0/apps/Ultrasonic/esp32/build_contexts/build_ctx_127283027/deps/mqtt/include" to "/data/fwbuild-volumes/2.17.0/apps/Ultrasonic/esp32/build_contexts/build_ctx_127283027/deps/mqtt/include"
mount from "/data/fwbuild-volumes/2.17.0/apps/Ultrasonic/esp32/build_contexts/build_ctx_127283027/deps/shadow/include" to "/data/fwbuild-volumes/2.17.0/apps/Ultrasonic/esp32/build_contexts/build_ctx_127283027/deps/shadow/include"
mount from "/data/fwbuild-volumes/2.17.0/apps/Ultrasonic/esp32/build_contexts/build_ctx_127283027/deps/aws/include" to "/data/fwbuild-volumes/2.17.0/apps/Ultrasonic/esp32/build_contexts/build_ctx_127283027/deps/aws/include"
mount from "/data/fwbuild-volumes/2.17.0/apps/Ultrasonic/esp32/build_contexts/build_ctx_127283027/deps/rpc-common/include" to "/data/fwbuild-volumes/2.17.0/apps/Ultrasonic/esp32/build_contexts/build_ctx_127283027/deps/rpc-common/include"
mount from "/data/fwbuild-volumes/2.17.0/apps/Ultrasonic/esp32/build_contexts/build_ctx_127283027/deps/rpc-service-config/include" to "/data/fwbuild-volumes/2.17.0/apps/Ultrasonic/esp32/build_contexts/build_ctx_127283027/deps/rpc-service-config/include"
mount from "/data/fwbuild-volumes/2.17.0/apps/Ultrasonic/esp32/build_contexts/build_ctx_127283027/deps/rpc-service-fs/include" to "/data/fwbuild-volumes/2.17.0/apps/Ultrasonic/esp32/build_contexts/build_ctx_127283027/deps/rpc-service-fs/include"
mount from "/data/fwbuild-volumes/2.17.0/apps/Ultrasonic/esp32/build_contexts/build_ctx_127283027/deps/rpc-uart/include" to "/data/fwbuild-volumes/2.17.0/apps/Ultrasonic/esp32/build_contexts/build_ctx_127283027/deps/rpc-uart/include"
mount from "/data/fwbuild-volumes/2.17.0/apps/Ultrasonic/esp32/build_contexts/build_ctx_127283027/deps/spi/include" to "/data/fwbuild-volumes/2.17.0/apps/Ultrasonic/esp32/build_contexts/build_ctx_127283027/deps/spi/include"
mount from "/data/fwbuild-volumes/2.17.0/apps/Ultrasonic/esp32/build_contexts/build_ctx_127283027/deps/wifi/include" to "/data/fwbuild-volumes/2.17.0/apps/Ultrasonic/esp32/build_contexts/build_ctx_127283027/deps/wifi/include"
mount from "/data/fwbuild-volumes/2.17.0/apps/Ultrasonic/esp32/build_contexts/build_ctx_127283027/deps/wifi/include/esp32" to "/data/fwbuild-volumes/2.17.0/apps/Ultrasonic/esp32/build_contexts/build_ctx_127283027/deps/wifi/include/esp32"
mount from "/data/fwbuild-volumes/2.17.0/apps/Ultrasonic/esp32/build_contexts/build_ctx_127283027/deps/ca-bundle/fs" to "/data/fwbuild-volumes/2.17.0/apps/Ultrasonic/esp32/build_contexts/build_ctx_127283027/deps/ca-bundle/fs"
mount from "/data/fwbuild-volumes/2.17.0/apps/Ultrasonic/esp32/build_contexts/build_ctx_127283027/fs" to "/data/fwbuild-volumes/2.17.0/apps/Ultrasonic/esp32/build_contexts/build_ctx_127283027/fs"
mount from "/data/fwbuild-volumes/2.17.0/apps/Ultrasonic/esp32/build_contexts/build_ctx_127283027/build/objs" to "/data/fwbuild-volumes/2.17.0/apps/Ultrasonic/esp32/build_contexts/build_ctx_127283027/build/objs"
mount from "/data/fwbuild-volumes/2.17.0/apps/Ultrasonic/esp32/build_contexts/build_ctx_127283027/build/objs" to "/data/fwbuild-volumes/2.17.0/apps/Ultrasonic/esp32/build_contexts/build_ctx_127283027/build/objs"
mount from "/data/fwbuild-volumes/2.17.0/apps/Ultrasonic/esp32/build_contexts/build_ctx_127283027/build/gen" to "/data/fwbuild-volumes/2.17.0/apps/Ultrasonic/esp32/build_contexts/build_ctx_127283027/build/gen"
Docker arguments: run --name mos_build_2020-09-26T09-37-24-00_4449723395853790291 --rm -i -v /data/fwbuild-volumes/2.17.0/apps/Ultrasonic/esp32/build_contexts/build_ctx_127283027/build:/data/fwbuild-volumes/2.17.0/apps/Ultrasonic/esp32/build_contexts/build_ctx_127283027/build -v /data/fwbuild-volumes/2.17.0/apps/Ultrasonic/esp32/build_contexts/build_ctx_127283027/deps/atca/cryptoauthlib/lib:/data/fwbuild-volumes/2.17.0/apps/Ultrasonic/esp32/build_contexts/build_ctx_127283027/deps/atca/cryptoauthlib/lib -v /data/fwbuild-volumes/2.17.0/apps/Ultrasonic/esp32/build_contexts/build_ctx_127283027/deps/mqtt/src:/data/fwbuild-volumes/2.17.0/apps/Ultrasonic/esp32/build_contexts/build_ctx_127283027/deps/mqtt/src -v /data/fwbuild-volumes/2.17.0/apps/Ultrasonic/esp32/build_contexts/build_ctx_127283027/deps/mqtt/include:/data/fwbuild-volumes/2.17.0/apps/Ultrasonic/esp32/build_contexts/build_ctx_127283027/deps/mqtt/include -v /data/fwbuild-volumes/2.17.0/apps/Ultrasonic/esp32/build_contexts/build_ctx_127283027/deps/spi/include:/data/fwbuild-volumes/2.17.0/apps/Ultrasonic/esp32/build_contexts/build_ctx_127283027/deps/spi/include -v /data/fwbuild-volumes/2.17.0/apps/Ultrasonic/esp32/build_contexts/build_ctx_127283027/deps/vfs-fs-spiffs/src:/data/fwbuild-volumes/2.17.0/apps/Ultrasonic/esp32/build_contexts/build_ctx_127283027/deps/vfs-fs-spiffs/src -v /data/fwbuild-volumes/2.17.0/apps/Ultrasonic/esp32/build_contexts/build_ctx_127283027/deps/rpc-service-config/src:/data/fwbuild-volumes/2.17.0/apps/Ultrasonic/esp32/build_contexts/build_ctx_127283027/deps/rpc-service-config/src -v /data/fwbuild-volumes/2.17.0/apps/Ultrasonic/esp32/build_contexts/build_ctx_127283027/deps/sntp/src:/data/fwbuild-volumes/2.17.0/apps/Ultrasonic/esp32/build_contexts/build_ctx_127283027/deps/sntp/src -v /data/fwbuild-volumes/2.17.0/apps/Ultrasonic/esp32/build_contexts/build_ctx_127283027/deps/rpc-service-config/include:/data/fwbuild-volumes/2.17.0/apps/Ultrasonic/esp32/build_contexts/build_ctx_127283027/deps/rpc-service-config/include -v /data/fwbuild-volumes/2.17.0/apps/Ultrasonic/esp32/build_contexts/build_ctx_127283027/deps/wifi/include:/data/fwbuild-volumes/2.17.0/apps/Ultrasonic/esp32/build_contexts/build_ctx_127283027/deps/wifi/include -v /data/fwbuild-volumes/2.17.0/apps/Ultrasonic/esp32/build_contexts/build_ctx_127283027/deps/atca/cryptoauthlib/lib/basic:/data/fwbuild-volumes/2.17.0/apps/Ultrasonic/esp32/build_contexts/build_ctx_127283027/deps/atca/cryptoauthlib/lib/basic -v /data/fwbuild-volumes/2.17.0/apps/Ultrasonic/esp32/build_contexts/build_ctx_127283027/deps/core/src:/data/fwbuild-volumes/2.17.0/apps/Ultrasonic/esp32/build_contexts/build_ctx_127283027/deps/core/src -v /data/fwbuild-volumes/2.17.0/apps/Ultrasonic/esp32/build_contexts/build_ctx_127283027/deps/atca/include:/data/fwbuild-volumes/2.17.0/apps/Ultrasonic/esp32/build_contexts/build_ctx_127283027/deps/atca/include -v /data/fwbuild-volumes/2.17.0/apps/Ultrasonic/esp32/build_contexts/build_ctx_127283027/deps/ca-bundle/fs:/data/fwbuild-volumes/2.17.0/apps/Ultrasonic/esp32/build_contexts/build_ctx_127283027/deps/ca-bundle/fs -v /data/fwbuild-volumes/2.17.0/apps/Ultrasonic/esp32/build_contexts/build_ctx_127283027/deps/wifi/include/esp32:/data/fwbuild-volumes/2.17.0/apps/Ultrasonic/esp32/build_contexts/build_ctx_127283027/deps/wifi/include/esp32 -v /data/fwbuild-volumes/2.17.0/apps/Ultrasonic/esp32/build_contexts/build_ctx_127283027/build/objs:/data/fwbuild-volumes/2.17.0/apps/Ultrasonic/esp32/build_contexts/build_ctx_127283027/build/objs -v /data/fwbuild-volumes/2.17.0/apps/Ultrasonic/esp32/build_contexts/build_ctx_127283027/deps/spi/src:/data/fwbuild-volumes/2.17.0/apps/Ultrasonic/esp32/build_contexts/build_ctx_127283027/deps/spi/src -v /data/fwbuild-volumes/2.17.0/apps/Ultrasonic/esp32/build_contexts/build_ctx_127283027/deps/freertos/include:/data/fwbuild-volumes/2.17.0/apps/Ultrasonic/esp32/build_contexts/build_ctx_127283027/deps/freertos/include -v /data/fwbuild-volumes/2.17.0/apps/Ultrasonic/esp32/build_contexts/build_ctx_127283027/deps/atca/cryptoauthlib/lib/hal:/data/fwbuild-volumes/2.17.0/apps/Ultrasonic/esp32/build_contexts/build_ctx_127283027/deps/atca/cryptoauthlib/lib/hal -v /data/fwbuild-volumes/2.17.0/apps/Ultrasonic/esp32/build_contexts/build_ctx_127283027/deps/vfs-common/src/esp32:/data/fwbuild-volumes/2.17.0/apps/Ultrasonic/esp32/build_contexts/build_ctx_127283027/deps/vfs-common/src/esp32 -v /data/fwbuild-volumes/2.17.0/apps/Ultrasonic/esp32/build_contexts/build_ctx_127283027/deps/spi/src/esp32:/data/fwbuild-volumes/2.17.0/apps/Ultrasonic/esp32/build_contexts/build_ctx_127283027/deps/spi/src/esp32 -v /data/fwbuild-volumes/2.17.0/apps/Ultrasonic/esp32/build_contexts/build_ctx_127283027/build/gen:/data/fwbuild-volumes/2.17.0/apps/Ultrasonic/esp32/build_contexts/build_ctx_127283027/build/gen -v /data/fwbuild-volumes/2.17.0/apps/Ultrasonic/esp32/build_contexts/build_ctx_127283027/deps/atca/cryptoauthlib/lib/mbedtls:/data/fwbuild-volumes/2.17.0/apps/Ultrasonic/esp32/build_contexts/build_ctx_127283027/deps/atca/cryptoauthlib/lib/mbedtls -v /data/fwbuild-volumes/2.17.0/apps/Ultrasonic/esp32/build_contexts/build_ctx_127283027/deps/mbedtls/include:/data/fwbuild-volumes/2.17.0/apps/Ultrasonic/esp32/build_contexts/build_ctx_127283027/deps/mbedtls/include -v /data/fwbuild-volumes/2.17.0/apps/Ultrasonic/esp32/build_contexts/build_ctx_127283027/fs:/data/fwbuild-volumes/2.17.0/apps/Ultrasonic/esp32/build_contexts/build_ctx_127283027/fs -v /data/fwbuild-volumes/2.17.0/apps/Ultrasonic/esp32/build_contexts/build_ctx_127283027:/app -v /data/fwbuild-volumes/2.17.0/apps/Ultrasonic/esp32/build_contexts/build_ctx_127283027/src:/data/fwbuild-volumes/2.17.0/apps/Ultrasonic/esp32/build_contexts/build_ctx_127283027/src -v /data/fwbuild-volumes/2.17.0/apps/Ultrasonic/esp32/build_contexts/build_ctx_127283027/deps/wifi/src/esp32:/data/fwbuild-volumes/2.17.0/apps/Ultrasonic/esp32/build_contexts/build_ctx_127283027/deps/wifi/src/esp32 -v /data/fwbuild-volumes/2.17.0/apps/Ultrasonic/esp32/build_contexts/build_ctx_127283027/deps/shadow/include:/data/fwbuild-volumes/2.17.0/apps/Ultrasonic/esp32/build_contexts/build_ctx_127283027/deps/shadow/include -v /data/fwbuild-volumes/2.17.0/apps/Ultrasonic/esp32/build_contexts/build_ctx_127283027/deps/rpc-uart/include:/data/fwbuild-volumes/2.17.0/apps/Ultrasonic/esp32/build_contexts/build_ctx_127283027/deps/rpc-uart/include -v /data/fwbuild-volumes/2.17.0/apps/Ultrasonic/esp32/build_contexts/build_ctx_127283027/deps/mbedtls/mbedtls/include:/data/fwbuild-volumes/2.17.0/apps/Ultrasonic/esp32/build_contexts/build_ctx_127283027/deps/mbedtls/mbedtls/include -v /data/fwbuild-volumes/2.17.0/apps/Ultrasonic/esp32/build_contexts/build_ctx_127283027/deps/vfs-common/include/esp32:/data/fwbuild-volumes/2.17.0/apps/Ultrasonic/esp32/build_contexts/build_ctx_127283027/deps/vfs-common/include/esp32 -v /data/fwbuild-volumes/2.17.0/apps/Ultrasonic/esp32/build_contexts/build_ctx_127283027/deps/mongoose/include:/data/fwbuild-volumes/2.17.0/apps/Ultrasonic/esp32/build_contexts/build_ctx_127283027/deps/mongoose/include -v /data/fwbuild-volumes/2.17.0/apps/Ultrasonic/esp32/build_contexts/build_ctx_127283027/deps/vfs-fs-spiffs/include/spiffs:/data/fwbuild-volumes/2.17.0/apps/Ultrasonic/esp32/build_contexts/build_ctx_127283027/deps/vfs-fs-spiffs/include/spiffs -v /data/fwbuild-volumes/2.17.0/apps/Ultrasonic/esp32/build_contexts/build_ctx_127283027/deps/aws/include:/data/fwbuild-volumes/2.17.0/apps/Ultrasonic/esp32/build_contexts/build_ctx_127283027/deps/aws/include -v /data/fwbuild-volumes/2.17.0/apps/Ultrasonic/esp32/build_contexts/build_ctx_127283027/deps/modules/mongoose-os:/data/fwbuild-volumes/2.17.0/apps/Ultrasonic/esp32/build_contexts/build_ctx_127283027/deps/modules/mongoose-os -v /data/fwbuild-volumes/2.17.0/apps/Ultrasonic/esp32/build_contexts/build_ctx_127283027/deps/i2c/src:/data/fwbuild-volumes/2.17.0/apps/Ultrasonic/esp32/build_contexts/build_ctx_127283027/deps/i2c/src -v /data/fwbuild-volumes/2.17.0/apps/Ultrasonic/esp32/build_contexts/build_ctx_127283027/deps/i2c/src/esp32:/data/fwbuild-volumes/2.17.0/apps/Ultrasonic/esp32/build_contexts/build_ctx_127283027/deps/i2c/src/esp32 -v /data/fwbuild-volumes/2.17.0/apps/Ultrasonic/esp32/build_contexts/build_ctx_127283027/deps/vfs-fs-lfs/littlefs:/data/fwbuild-volumes/2.17.0/apps/Ultrasonic/esp32/build_contexts/build_ctx_127283027/deps/vfs-fs-lfs/littlefs -v /data/fwbuild-volumes/2.17.0/apps/Ultrasonic/esp32/build_contexts/build_ctx_127283027/deps/shadow/src:/data/fwbuild-volumes/2.17.0/apps/Ultrasonic/esp32/build_contexts/build_ctx_127283027/deps/shadow/src -v /data/fwbuild-volumes/2.17.0/apps/Ultrasonic/esp32/build_contexts/build_ctx_127283027/deps/rpc-service-fs/include:/data/fwbuild-volumes/2.17.0/apps/Ultrasonic/esp32/build_contexts/build_ctx_127283027/deps/rpc-service-fs/include -v /data/fwbuild-volumes/2.17.0/apps/Ultrasonic/esp32/build_contexts/build_ctx_127283027/deps/wifi/src:/data/fwbuild-volumes/2.17.0/apps/Ultrasonic/esp32/build_contexts/build_ctx_127283027/deps/wifi/src -v /data/fwbuild-volumes/2.17.0/apps/Ultrasonic/esp32/build_contexts/build_ctx_127283027/deps/mbedtls/include/esp32:/data/fwbuild-volumes/2.17.0/apps/Ultrasonic/esp32/build_contexts/build_ctx_127283027/deps/mbedtls/include/esp32 -v /data/fwbuild-volumes/2.17.0/apps/Ultrasonic/esp32/build_contexts/build_ctx_127283027/deps/rpc-common/include:/data/fwbuild-volumes/2.17.0/apps/Ultrasonic/esp32/build_contexts/build_ctx_127283027/deps/rpc-common/include -v /data/fwbuild-volumes/2.17.0/apps/Ultrasonic/esp32/build_contexts/build_ctx_127283027/deps/freertos/src:/data/fwbuild-volumes/2.17.0/apps/Ultrasonic/esp32/build_contexts/build_ctx_127283027/deps/freertos/src -v /data/fwbuild-volumes/2.17.0/apps/Ultrasonic/esp32/build_contexts/build_ctx_127283027/deps/aws/src:/data/fwbuild-volumes/2.17.0/apps/Ultrasonic/esp32/build_contexts/build_ctx_127283027/deps/aws/src -v /data/fwbuild-volumes/2.17.0/apps/Ultrasonic/esp32/build_contexts/build_ctx_127283027/deps/rpc-common/src:/data/fwbuild-volumes/2.17.0/apps/Ultrasonic/esp32/build_contexts/build_ctx_127283027/deps/rpc-common/src -v /data/fwbuild-volumes/2.17.0/apps/Ultrasonic/esp32/build_contexts/build_ctx_127283027/deps/rpc-uart/src:/data/fwbuild-volumes/2.17.0/apps/Ultrasonic/esp32/build_contexts/build_ctx_127283027/deps/rpc-uart/src -v /data/fwbuild-volumes/2.17.0/apps/Ultrasonic/esp32/build_contexts/build_ctx_127283027/deps/vfs-fs-spiffs/include/esp32:/data/fwbuild-volumes/2.17.0/apps/Ultrasonic/esp32/build_contexts/build_ctx_127283027/deps/vfs-fs-spiffs/include/esp32 -v /data/fwbuild-volumes/2.17.0/apps/Ultrasonic/esp32/build_contexts/build_ctx_127283027/deps/atca/src:/data/fwbuild-volumes/2.17.0/apps/Ultrasonic/esp32/build_contexts/build_ctx_127283027/deps/atca/src -v /data/fwbuild-volumes/2.17.0/apps/Ultrasonic/esp32/build_contexts/build_ctx_127283027/deps/atca/cryptoauthlib/lib/host:/data/fwbuild-volumes/2.17.0/apps/Ultrasonic/esp32/build_contexts/build_ctx_127283027/deps/atca/cryptoauthlib/lib/host -v /data/fwbuild-volumes/2.17.0/apps/Ultrasonic/esp32/build_contexts/build_ctx_127283027/deps/rpc-service-fs/src:/data/fwbuild-volumes/2.17.0/apps/Ultrasonic/esp32/build_contexts/build_ctx_127283027/deps/rpc-service-fs/src -v /data/fwbuild-volumes/2.17.0/apps/Ultrasonic/esp32/build_contexts/build_ctx_127283027/deps/atca/cryptoauthlib/lib/crypto:/data/fwbuild-volumes/2.17.0/apps/Ultrasonic/esp32/build_contexts/build_ctx_127283027/deps/atca/cryptoauthlib/lib/crypto -v /data/fwbuild-volumes/2.17.0/apps/Ultrasonic/esp32/build_contexts/build_ctx_127283027/deps/vfs-fs-lfs/include:/data/fwbuild-volumes/2.17.0/apps/Ultrasonic/esp32/build_contexts/build_ctx_127283027/deps/vfs-fs-lfs/include -v /data/fwbuild-volumes/2.17.0/apps/Ultrasonic/esp32/build_contexts/build_ctx_127283027/deps/vfs-fs-spiffs/include:/data/fwbuild-volumes/2.17.0/apps/Ultrasonic/esp32/build_contexts/build_ctx_127283027/deps/vfs-fs-spiffs/include -v /data/fwbuild-volumes/2.17.0/apps/Ultrasonic/esp32/build_contexts/build_ctx_127283027/deps/vfs-common/src:/data/fwbuild-volumes/2.17.0/apps/Ultrasonic/esp32/build_contexts/build_ctx_127283027/deps/vfs-common/src -v /data/fwbuild-volumes/2.17.0/apps/Ultrasonic/esp32/build_contexts/build_ctx_127283027/deps/vfs-fs-lfs/src:/data/fwbuild-volumes/2.17.0/apps/Ultrasonic/esp32/build_contexts/build_ctx_127283027/deps/vfs-fs-lfs/src -v /data/fwbuild-volumes/2.17.0/apps/Ultrasonic/esp32/build_contexts/build_ctx_127283027/deps/vfs-fs-spiffs/src/spiffs:/data/fwbuild-volumes/2.17.0/apps/Ultrasonic/esp32/build_contexts/build_ctx_127283027/deps/vfs-fs-spiffs/src/spiffs -v /data/fwbuild-volumes/2.17.0/apps/Ultrasonic/esp32/build_contexts/build_ctx_127283027/deps/core/include:/data/fwbuild-volumes/2.17.0/apps/Ultrasonic/esp32/build_contexts/build_ctx_127283027/deps/core/include -v /data/fwbuild-volumes/2.17.0/apps/Ultrasonic/esp32/build_contexts/build_ctx_127283027/deps/modules/mongoose-os:/mongoose-os -v /data/fwbuild-volumes/2.17.0/apps/Ultrasonic/esp32/build_contexts/build_ctx_127283027/deps/vfs-fs-lfs/littlefs1:/data/fwbuild-volumes/2.17.0/apps/Ultrasonic/esp32/build_contexts/build_ctx_127283027/deps/vfs-fs-lfs/littlefs1 -v /data/fwbuild-volumes/2.17.0/apps/Ultrasonic/esp32/build_contexts/build_ctx_127283027/deps/i2c/include:/data/fwbuild-volumes/2.17.0/apps/Ultrasonic/esp32/build_contexts/build_ctx_127283027/deps/i2c/include -v /data/fwbuild-volumes/2.17.0/apps/Ultrasonic/esp32/build_contexts/build_ctx_127283027/deps/vfs-common/include:/data/fwbuild-volumes/2.17.0/apps/Ultrasonic/esp32/build_contexts/build_ctx_127283027/deps/vfs-common/include --user 0:0 docker.io/mgos/esp32-build:3.3-r2 /bin/bash -c nice make '-j' '8' '-C' '/app' '-f' '/data/fwbuild-volumes/2.17.0/apps/Ultrasonic/esp32/build_contexts/build_ctx_127283027/deps/modules/mongoose-os/platforms/esp32/Makefile.build' 'all' 'MGOS_VARS_FILE=/data/fwbuild-volumes/2.17.0/apps/Ultrasonic/esp32/build_contexts/build_ctx_127283027/build/gen/vars.mk'
make: Entering directory '/app'
Toolchain path: /opt/Espressif/xtensa-esp32-elf/bin/xtensa-esp32-elf-gcc
Toolchain version: crosstool-ng-1.22.0-80-g6c4433a
Compiler version: 5.2.0
/data/fwbuild-volumes/2.17.0/apps/Ultrasonic/esp32/build_contexts/build_ctx_127283027/deps/modules/mongoose-os/platforms/esp32/Makefile.build:179: warning: overriding recipe for target 'defconfig'
/opt/Espressif/esp-idf/make/project_config.mk:82: warning: ignoring old recipe for target 'defconfig'
/data/fwbuild-volumes/2.17.0/apps/Ultrasonic/esp32/build_contexts/build_ctx_127283027/deps/modules/mongoose-os/platforms/esp32/Makefile.build:179: warning: overriding recipe for target 'menuconfig'
/opt/Espressif/esp-idf/make/project_config.mk:69: warning: ignoring old recipe for target 'menuconfig'
/data/fwbuild-volumes/2.17.0/apps/Ultrasonic/esp32/build_contexts/build_ctx_127283027/deps/modules/mongoose-os/platforms/esp32/Makefile.build:220: warning: overriding recipe for target 'clean'
/opt/Espressif/esp-idf/components/app_update/Makefile.projbuild:48: warning: ignoring old recipe for target 'clean'
make[1]: Entering directory '/opt/Espressif/esp-idf/components/bootloader/subproject'
make[1]: Entering directory '/data/fwbuild-volumes/2.17.0/apps/Ultrasonic/esp32/build_contexts/build_ctx_127283027/build/objs/app_update'
App "Ultrasonic" version: 2.17.0
make[1]: Leaving directory '/data/fwbuild-volumes/2.17.0/apps/Ultrasonic/esp32/build_contexts/build_ctx_127283027/build/objs/app_update'
make[1]: Entering directory '/data/fwbuild-volumes/2.17.0/apps/Ultrasonic/esp32/build_contexts/build_ctx_127283027/build/objs/mosapp'
CXX main.o
make[1]: Leaving directory '/opt/Espressif/esp-idf/components/bootloader/subproject'
Python requirements from /opt/Espressif/esp-idf/requirements.txt are satisfied.

  GEN   /data/fwbuild-volumes/2.17.0/apps/Ultrasonic/esp32/build_contexts/build_ctx_127283027/build/gen/build_info.c
CC build_info.o
AR /data/fwbuild-volumes/2.17.0/apps/Ultrasonic/esp32/build_contexts/build_ctx_127283027/build/objs/mosapp/libmosapp.a
make[1]: Leaving directory '/data/fwbuild-volumes/2.17.0/apps/Ultrasonic/esp32/build_contexts/build_ctx_127283027/build/objs/mosapp'
Generating libmosapp.a.sections_info
Generating esp32.project.ld
LD /data/fwbuild-volumes/2.17.0/apps/Ultrasonic/esp32/build_contexts/build_ctx_127283027/build/objs/Ultrasonic.elf
esptool.py v2.8-dev
    App size: 960592 of 1572864 (61%)
  CP    /data/fwbuild-volumes/2.17.0/apps/Ultrasonic/esp32/build_contexts/build_ctx_127283027/deps/ca-bundle/fs/ca.pem -> /data/fwbuild-volumes/2.17.0/apps/Ultrasonic/esp32/build_contexts/build_ctx_127283027/build/objs/fs
  CP    /data/fwbuild-volumes/2.17.0/apps/Ultrasonic/esp32/build_contexts/build_ctx_127283027/fs/conf9.json.example -> /data/fwbuild-volumes/2.17.0/apps/Ultrasonic/esp32/build_contexts/build_ctx_127283027/build/objs/fs
  CP    /data/fwbuild-volumes/2.17.0/apps/Ultrasonic/esp32/build_contexts/build_ctx_127283027/build/gen/conf0.json -> /data/fwbuild-volumes/2.17.0/apps/Ultrasonic/esp32/build_contexts/build_ctx_127283027/build/objs/fs
  MKFS  /usr/local/bin/mkspiffs8 262144 {bs:4096,ps:256,es:4096} /data/fwbuild-volumes/2.17.0/apps/Ultrasonic/esp32/build_contexts/build_ctx_127283027/build/objs/fs -> /data/fwbuild-volumes/2.17.0/apps/Ultrasonic/esp32/build_contexts/build_ctx_127283027/build/objs/fw_temp/fs.img
     FS params: size=262144, bs=4096, ps=256, es=4096
       Adding conf9.json.example: 817
       Adding ca.pem: 30849
       Adding conf0.json: 3
     FS stats : space total=233681, used=33132, free=200549
  GEN    /data/fwbuild-volumes/2.17.0/apps/Ultrasonic/esp32/build_contexts/build_ctx_127283027/build/objs/fw_temp/manifest.json
  ZIP    /data/fwbuild-volumes/2.17.0/apps/Ultrasonic/esp32/build_contexts/build_ctx_127283027/build/fw/Ultrasonic-esp32-last.zip
     Adding /data/fwbuild-volumes/2.17.0/apps/Ultrasonic/esp32/build_contexts/build_ctx_127283027/build/objs/fw_temp/Ultrasonic.bin
     Adding /data/fwbuild-volumes/2.17.0/apps/Ultrasonic/esp32/build_contexts/build_ctx_127283027/build/objs/fw_temp/bootloader.bin
     Adding /data/fwbuild-volumes/2.17.0/apps/Ultrasonic/esp32/build_contexts/build_ctx_127283027/build/objs/fw_temp/fs.img
     Adding /data/fwbuild-volumes/2.17.0/apps/Ultrasonic/esp32/build_contexts/build_ctx_127283027/build/objs/fw_temp/otadata.bin
     Adding /data/fwbuild-volumes/2.17.0/apps/Ultrasonic/esp32/build_contexts/build_ctx_127283027/build/objs/fw_temp/partitions_mgos.bin
  Built Ultrasonic/esp32 version 1.0 (20200926-093727)
To flash all build output, run 'make flash' or:
python /opt/Espressif/esp-idf/components/esptool_py/esptool/esptool.py --chip esp32 --port /dev/ttyUSB0 --baud 1500000 --before default_reset --after hard_reset write_flash -z --flash_mode qio --flash_freq 40m --flash_size detect 0xd000 /data/fwbuild-volumes/2.17.0/apps/Ultrasonic/esp32/build_contexts/build_ctx_127283027/build/objs/ota_data_initial.bin 0x1000 /data/fwbuild-volumes/2.17.0/apps/Ultrasonic/esp32/build_contexts/build_ctx_127283027/build/objs/bootloader/bootloader.bin 0x10000 /data/fwbuild-volumes/2.17.0/apps/Ultrasonic/esp32/build_contexts/build_ctx_127283027/build/objs/Ultrasonic.bin 0x8000 /data/fwbuild-volumes/2.17.0/apps/Ultrasonic/esp32/build_contexts/build_ctx_127283027/build/objs/partitions_mgos.bin
make: Leaving directory '/app'
Success, built Ultrasonic/esp32 version 1.0 (20200926-093727).
Firmware saved to /data/fwbuild-volumes/2.17.0/apps/Ultrasonic/esp32/build_contexts/build_ctx_127283027/build/fw.zip
By the way, there is a newer version available: "2.18.0" (you use "2.17.0"). Run "mos update" to upgrade.
